<?xml version="1.0" encoding="utf-8"?><testsuites name="pytest tests"><testsuite name="pytest" errors="2" failures="0" skipped="0" tests="14" time="8.586" timestamp="2026-08-20T08:35:48.036983+00:00" hostname="agent-env-74d9a360-31b6-4807-9b7c-0d33f65d73ab"><testcase classname="tests.backend_test.TestBulkDelete" name="test_bulk_delete_removes_only_selected" time="6.033" /><testcase classname="tests.backend_test.TestBusinessImages" name="test_upload_logo_and_photo_then_public_fetch" time="7.151" /><testcase classname="tests.backend_test.TestBulkDelete" name="test_bulk_delete_empty_ids_rejected" time="0.042" /><testcase classname="tests.backend_test.TestBulkDelete" name="test_bulk_delete_unknown_ids" time="0.047" /><testcase classname="tests.backend_test.TestBulkDelete" name="test_bulk_delete_requires_auth" time="0.185" /><testcase classname="tests.backend_test.TestBulkDelete" name="test_bulk_delete_cross_user_isolation" time="0.112"><error message="failed on setup with &quot;AssertionError: {&quot;detail&quot;:[{&quot;type&quot;:&quot;value_error&quot;,&quot;loc&quot;:[&quot;body&quot;,&quot;email&quot;],&quot;msg&quot;:&quot;value is not a valid email address: The part after the @-sign is a special-use or reserved name that cannot be used with email.&quot;,&quot;input&quot;:&quot;test_qa_0d0151a130@reviewboost.test&quot;,&quot;ctx&quot;:{&quot;reason&quot;:&quot;The part after the @-sign is a special-use or&#10;assert 422 == 200&#10; +  where 422 = &lt;Response [422]&gt;.status_code&quot;">tests/backend_test.py:294: in fresh_client
    assert r.status_code == 200, r.text[:300]
E   AssertionError: {"detail":[{"type":"value_error","loc":["body","email"],"msg":"value is not a valid email address: The part after the @-sign is a special-use or reserved name that cannot be used with email.","input":"test_qa_0d0151a130@reviewboost.test","ctx":{"reason":"The part after the @-sign is a special-use or
E   assert 422 == 200
E    +  where 422 = &lt;Response [422]&gt;.status_code</error></testcase><testcase classname="tests.backend_test.TestOnboarding" name="test_new_user_onboarding_false_then_complete" time="0.137"><error message="failed on setup with &quot;AssertionError: {&quot;detail&quot;:[{&quot;type&quot;:&quot;value_error&quot;,&quot;loc&quot;:[&quot;body&quot;,&quot;email&quot;],&quot;msg&quot;:&quot;value is not a valid email address: The part after the @-sign is a special-use or reserved name that cannot be used with email.&quot;,&quot;input&quot;:&quot;test_qa_7e2c2f0421@reviewboost.test&quot;,&quot;ctx&quot;:{&quot;reason&quot;:&quot;The part after the @-sign is a special-use or&#10;assert 422 == 200&#10; +  where 422 = &lt;Response [422]&gt;.status_code&quot;">tests/backend_test.py:294: in fresh_client
    assert r.status_code == 200, r.text[:300]
E   AssertionError: {"detail":[{"type":"value_error","loc":["body","email"],"msg":"value is not a valid email address: The part after the @-sign is a special-use or reserved name that cannot be used with email.","input":"test_qa_7e2c2f0421@reviewboost.test","ctx":{"reason":"The part after the @-sign is a special-use or
E   assert 422 == 200
E    +  where 422 = &lt;Response [422]&gt;.status_code</error></testcase><testcase classname="tests.backend_test.TestOnboarding" name="test_onboarding_requires_auth" time="0.111" /><testcase classname="tests.backend_test.TestOnboarding" name="test_existing_owner_onboarding_done" time="0.085" /><testcase classname="tests.backend_test.TestBusinessImages" name="test_reject_non_image" time="0.081" /><testcase classname="tests.backend_test.TestBusinessImages" name="test_reject_unknown_kind" time="0.075" /><testcase classname="tests.backend_test.TestBusinessImages" name="test_image_requires_auth" time="0.147" /><testcase classname="tests.backend_test.TestBusinessImages" name="test_remove_images" time="0.350" /><testcase classname="tests.backend_test.TestBusinessImages" name="test_public_image_unknown_slug" time="0.099" /></testsuite></testsuites>