<?xml version="1.0" encoding="utf-8"?><testsuites name="pytest tests"><testsuite name="pytest" errors="0" failures="0" skipped="0" tests="84" time="17.973" timestamp="2026-08-21T09:05:04.510849+00:00" hostname="agent-env-74d9a360-31b6-4807-9b7c-0d33f65d73ab"><testcase classname="tests.backend_test.TestAuth" name="test_health" time="0.245" /><testcase classname="tests.backend_test.TestAuth" name="test_login_and_cookies" time="0.516" /><testcase classname="tests.backend_test.TestGoogleUrlValidator" name="test_valid_google_links_saved_and_persisted[https://g.page/r/CVxyz123/review-https://g.page/r/CVxyz123/review]" time="1.117" /><testcase classname="tests.backend_test.TestAuth" name="test_login_bad_password" time="0.341" /><testcase classname="tests.backend_test.TestAuth" name="test_me_requires_auth" time="0.128" /><testcase classname="tests.backend_test.TestGoogleUrlValidator" name="test_valid_google_links_saved_and_persisted[https://g.page/sharma-dental/review-https://g.page/sharma-dental/review]" time="0.160" /><testcase classname="tests.backend_test.TestGoogleUrlValidator" name="test_valid_google_links_saved_and_persisted[https://maps.app.goo.gl/AbCdEf-https://maps.app.goo.gl/AbCdEf]" time="0.308" /><testcase classname="tests.backend_test.TestAuth" name="test_me_authenticated" time="0.420" /><testcase classname="tests.backend_test.TestGoogleUrlValidator" name="test_valid_google_links_saved_and_persisted[https://g.co/kgs/abc123-https://g.co/kgs/abc123]" time="0.371" /><testcase classname="tests.backend_test.TestAuth" name="test_bcrypt_hash_format" time="0.005" /><testcase classname="tests.backend_test.TestAuth" name="test_change_password_wrong_current" time="0.329" /><testcase classname="tests.backend_test.TestGoogleUrlValidator" name="test_valid_google_links_saved_and_persisted[https://search.google.com/local/writereview?placeid=ChIJabc-https://search.google.com/local/writereview?placeid=ChIJabc]" time="0.381" /><testcase classname="tests.backend_test.TestAuth" name="test_change_password_roundtrip" time="2.472" /><testcase classname="tests.backend_test.TestGoogleUrlValidator" name="test_valid_google_links_saved_and_persisted[https://www.google.co.in/maps/place/X-https://www.google.co.in/maps/place/X]" time="0.610" /><testcase classname="tests.backend_test.TestGoogleUrlValidator" name="test_valid_google_links_saved_and_persisted[https://share.google/xyz-https://share.google/xyz]" time="0.354" /><testcase classname="tests.backend_test.TestGoogleUrlValidator" name="test_valid_google_links_saved_and_persisted[g.page/r/CVx/review-https://g.page/r/CVx/review]" time="0.368" /><testcase classname="tests.backend_test.TestGoogleUrlValidator" name="test_valid_google_links_saved_and_persisted[http://g.page/r/CVx/review-https://g.page/r/CVx/review]" time="0.509" /><testcase classname="tests.backend_test.TestGoogleUrlValidator" name="test_non_google_links_rejected_and_value_unchanged[https://example.com/review]" time="0.430" /><testcase classname="tests.backend_test.TestAuth" name="test_short_password_register_rejected" time="0.113" /><testcase classname="tests.backend_test.TestAuth" name="test_duplicate_register" time="0.144" /><testcase classname="tests.backend_test.TestGoogleUrlValidator" name="test_non_google_links_rejected_and_value_unchanged[https://google.com.evil.com/x]" time="0.300" /><testcase classname="tests.backend_test.TestImageFeatureRemoved" name="test_upload_endpoint_gone[logo]" time="0.105" /><testcase classname="tests.backend_test.TestImageFeatureRemoved" name="test_upload_endpoint_gone[photo]" time="0.063" /><testcase classname="tests.backend_test.TestImageFeatureRemoved" name="test_delete_endpoint_gone[logo]" time="0.065" /><testcase classname="tests.backend_test.TestGoogleUrlValidator" name="test_non_google_links_rejected_and_value_unchanged[https://evil.com/?x=google.com]" time="0.317" /><testcase classname="tests.backend_test.TestImageFeatureRemoved" name="test_delete_endpoint_gone[photo]" time="0.063" /><testcase classname="tests.backend_test.TestImageFeatureRemoved" name="test_public_image_endpoint_gone[logo]" time="0.220" /><testcase classname="tests.backend_test.TestGoogleUrlValidator" name="test_non_google_links_rejected_and_value_unchanged[https://notgoogle.com/g.page/r/x/review]" time="0.233" /><testcase classname="tests.backend_test.TestImageFeatureRemoved" name="test_public_image_endpoint_gone[photo]" time="0.189" /><testcase classname="tests.backend_test.TestImageFeatureRemoved" name="test_settings_payload_has_no_image_keys" time="0.106" /><testcase classname="tests.backend_test.TestGoogleUrlValidator" name="test_non_google_links_rejected_and_value_unchanged[https://ggoogle.com/x]" time="0.353" /><testcase classname="tests.backend_test.TestImageFeatureRemoved" name="test_public_payload_has_no_image_keys" time="0.242" /><testcase classname="tests.backend_test.TestImageFeatureRemoved" name="test_server_source_has_no_image_code" time="0.000" /><testcase classname="tests.backend_test.TestPasswordReset" name="test_forgot_password_creates_token_for_real_account" time="0.400" /><testcase classname="tests.backend_test.TestGoogleUrlValidator" name="test_host_spoofing_rejected[https://evil.com#@google.com/]" time="0.327" /><testcase classname="tests.backend_test.TestGoogleUrlValidator" name="test_host_spoofing_rejected[https://evil.com\\@g.page/r/x/review]" time="0.288" /><testcase classname="tests.backend_test.TestPasswordReset" name="test_forgot_password_unknown_email_same_message_no_token" time="0.110" /><testcase classname="tests.backend_test.TestPasswordReset" name="test_forgot_password_invalid_email_422" time="0.155" /><testcase classname="tests.backend_test.TestGoogleUrlValidator" name="test_host_spoofing_rejected[https://evil.com\\\\@g.page/r/x/review]" time="0.516" /><testcase classname="tests.backend_test.TestPasswordReset" name="test_reset_password_full_cycle" time="2.036" /><testcase classname="tests.backend_test.TestGoogleUrlValidator" name="test_host_spoofing_rejected[https://google.com@evil.com/review]" time="0.719" /><testcase classname="tests.backend_test.TestGoogleUrlValidator" name="test_host_spoofing_rejected[https://evil.com?@g.page/r/x/review]" time="0.536" /><testcase classname="tests.backend_test.TestGoogleUrlValidator" name="test_host_spoofing_rejected[https://evil.com/g.page/r/x/review]" time="0.489" /><testcase classname="tests.backend_test.TestPasswordReset" name="test_reset_password_unknown_token" time="0.128" /><testcase classname="tests.backend_test.TestPasswordReset" name="test_reset_password_expired_token" time="0.519" /><testcase classname="tests.backend_test.TestGoogleUrlValidator" name="test_host_spoofing_rejected[//evil.com#@google.com/]" time="0.499" /><testcase classname="tests.backend_test.TestPasswordReset" name="test_reset_password_short_password_422" time="0.165" /><testcase classname="tests.backend_test.TestGoogleUrlValidator" name="test_empty_clears_link_and_deactivates" time="0.242" /><testcase classname="tests.backend_test.TestReviews" name="test_list_reviews" time="0.070" /><testcase classname="tests.backend_test.TestReviews" name="test_generate_edit_regenerate_delete" time="5.798" /><testcase classname="tests.backend_test.TestGoogleUrlValidator" name="test_no_stale_google_re_reference" time="0.000" /><testcase classname="tests.backend_test.TestPublic" name="test_public_page_and_use_flow" time="0.534" /><testcase classname="tests.backend_test.TestPublic" name="test_public_unknown_slug" time="0.151" /><testcase classname="tests.backend_test.TestPublic" name="test_public_use_unknown_review" time="0.220" /><testcase classname="tests.backend_test.TestPublic" name="test_use_returns_exact_saved_google_url" time="0.264" /><testcase classname="tests.backend_test.TestPublic" name="test_qr" time="0.195" /><testcase classname="tests.backend_test.TestBulkDelete" name="test_bulk_delete_removes_only_selected" time="0.668" /><testcase classname="tests.backend_test.TestBulkDelete" name="test_bulk_delete_empty_ids_rejected" time="0.065" /><testcase classname="tests.backend_test.TestBulkDelete" name="test_bulk_delete_unknown_ids" time="0.079" /><testcase classname="tests.backend_test.TestBulkDelete" name="test_bulk_delete_requires_auth" time="0.115" /><testcase classname="tests.backend_test.TestBulkDelete" name="test_bulk_delete_cross_user_isolation" time="0.227" /><testcase classname="tests.backend_test.TestPublicAvailableOnly" name="test_only_available_returned_with_count" time="0.854" /><testcase classname="tests.backend_test.TestPublicAvailableOnly" name="test_drafts_capped_at_forty" time="0.147" /><testcase classname="tests.backend_test.TestPublicAvailableOnly" name="test_zero_available_returns_empty_state_payload" time="0.247" /><testcase classname="tests.backend_test.TestPublicAvailableOnly" name="test_parallel_use_second_gets_409" time="0.169" /><testcase classname="tests.backend_test.TestPublicAvailableOnly" name="test_reuse_of_used_review_is_409" time="0.252" /><testcase classname="tests.backend_test.TestSettings" name="test_get_settings" time="0.122" /><testcase classname="tests.backend_test.TestSettings" name="test_save_settings_persist" time="0.184" /><testcase classname="tests.backend_test.TestSettings" name="test_invalid_google_url_rejected" time="0.066" /><testcase classname="tests.backend_test.TestSettings" name="test_settings_requires_auth" time="0.156" /><testcase classname="tests.backend_test.TestOnboarding" name="test_new_user_onboarding_false_then_complete" time="0.997" /><testcase classname="tests.backend_test.TestReviews" name="test_generate_invalid_count" time="0.066" /><testcase classname="tests.backend_test.TestOnboarding" name="test_onboarding_requires_auth" time="0.114" /><testcase classname="tests.backend_test.TestReviews" name="test_edit_review_validation" time="0.183" /><testcase classname="tests.backend_test.TestOnboarding" name="test_existing_owner_onboarding_done" time="0.082" /><testcase classname="tests.backend_test.TestGoogleAuth" name="test_invalid_session_id_401" time="0.244" /><testcase classname="tests.backend_test.TestReviews" name="test_reviews_requires_auth" time="0.120" /><testcase classname="tests.backend_test.TestProfilePayload" name="test_me_returns_profile_fields" time="0.065" /><testcase classname="tests.backend_test.TestProfilePayload" name="test_google_user_me_reports_google_provider" time="0.107" /><testcase classname="tests.backend_test.TestGoogleAuth" name="test_short_session_id_validation" time="0.114" /><testcase classname="tests.backend_test.TestProfilePayload" name="test_change_password_wrong_current_message" time="0.316" /><testcase classname="tests.backend_test.TestGoogleAuth" name="test_google_only_user_password_login_and_change_password" time="0.542" /><testcase classname="tests.backend_test.TestCategories" name="test_category_crud" time="0.430" /><testcase classname="tests.backend_test.TestCategories" name="test_short_name_rejected" time="0.066" /></testsuite></testsuites>