<?xml version="1.0" encoding="utf-8"?><testsuites name="pytest tests"><testsuite name="pytest" errors="0" failures="0" skipped="0" tests="81" time="17.207" timestamp="2026-08-20T11:31:14.145838+00:00" hostname="agent-env-74d9a360-31b6-4807-9b7c-0d33f65d73ab"><testcase classname="tests.backend_test.TestAuth" name="test_health" time="0.392" /><testcase classname="tests.backend_test.TestGoogleUrlValidator" name="test_valid_google_links_saved_and_persisted[https://g.page/r/CVxyz123/review-https://g.page/r/CVxyz123/review]" time="0.538" /><testcase classname="tests.backend_test.TestAuth" name="test_login_and_cookies" time="0.361" /><testcase classname="tests.backend_test.TestGoogleUrlValidator" name="test_valid_google_links_saved_and_persisted[https://g.page/sharma-dental/review-https://g.page/sharma-dental/review]" time="0.292" /><testcase classname="tests.backend_test.TestAuth" name="test_login_bad_password" time="0.362" /><testcase classname="tests.backend_test.TestGoogleUrlValidator" name="test_valid_google_links_saved_and_persisted[https://maps.app.goo.gl/AbCdEf-https://maps.app.goo.gl/AbCdEf]" time="0.350" /><testcase classname="tests.backend_test.TestAuth" name="test_me_requires_auth" time="0.119" /><testcase classname="tests.backend_test.TestGoogleUrlValidator" name="test_valid_google_links_saved_and_persisted[https://g.co/kgs/abc123-https://g.co/kgs/abc123]" time="0.180" /><testcase classname="tests.backend_test.TestGoogleUrlValidator" name="test_valid_google_links_saved_and_persisted[https://search.google.com/local/writereview?placeid=ChIJabc-https://search.google.com/local/writereview?placeid=ChIJabc]" time="0.328" /><testcase classname="tests.backend_test.TestAuth" name="test_me_authenticated" time="0.394" /><testcase classname="tests.backend_test.TestAuth" name="test_bcrypt_hash_format" time="0.004" /><testcase classname="tests.backend_test.TestAuth" name="test_change_password_wrong_current" time="0.281" /><testcase classname="tests.backend_test.TestGoogleUrlValidator" name="test_valid_google_links_saved_and_persisted[https://www.google.co.in/maps/place/X-https://www.google.co.in/maps/place/X]" time="0.306" /><testcase classname="tests.backend_test.TestAuth" name="test_change_password_roundtrip" time="2.573" /><testcase classname="tests.backend_test.TestGoogleUrlValidator" name="test_valid_google_links_saved_and_persisted[https://share.google/xyz-https://share.google/xyz]" time="0.370" /><testcase classname="tests.backend_test.TestGoogleUrlValidator" name="test_valid_google_links_saved_and_persisted[g.page/r/CVx/review-https://g.page/r/CVx/review]" time="0.576" /><testcase classname="tests.backend_test.TestGoogleUrlValidator" name="test_valid_google_links_saved_and_persisted[http://g.page/r/CVx/review-https://g.page/r/CVx/review]" time="0.299" /><testcase classname="tests.backend_test.TestGoogleUrlValidator" name="test_non_google_links_rejected_and_value_unchanged[https://example.com/review]" time="0.901" /><testcase classname="tests.backend_test.TestGoogleUrlValidator" name="test_non_google_links_rejected_and_value_unchanged[https://google.com.evil.com/x]" time="0.445" /><testcase classname="tests.backend_test.TestAuth" name="test_short_password_register_rejected" time="0.179" /><testcase classname="tests.backend_test.TestGoogleUrlValidator" name="test_non_google_links_rejected_and_value_unchanged[https://evil.com/?x=google.com]" time="0.204" /><testcase classname="tests.backend_test.TestAuth" name="test_duplicate_register" time="0.124" /><testcase classname="tests.backend_test.TestGoogleUrlValidator" name="test_non_google_links_rejected_and_value_unchanged[https://notgoogle.com/g.page/r/x/review]" time="0.339" /><testcase classname="tests.backend_test.TestImageFeatureRemoved" name="test_upload_endpoint_gone[logo]" time="0.058" /><testcase classname="tests.backend_test.TestImageFeatureRemoved" name="test_upload_endpoint_gone[photo]" time="0.054" /><testcase classname="tests.backend_test.TestImageFeatureRemoved" name="test_delete_endpoint_gone[logo]" time="0.052" /><testcase classname="tests.backend_test.TestImageFeatureRemoved" name="test_delete_endpoint_gone[photo]" time="0.051" /><testcase classname="tests.backend_test.TestImageFeatureRemoved" name="test_public_image_endpoint_gone[logo]" time="0.203" /><testcase classname="tests.backend_test.TestGoogleUrlValidator" name="test_non_google_links_rejected_and_value_unchanged[https://ggoogle.com/x]" time="0.214" /><testcase classname="tests.backend_test.TestImageFeatureRemoved" name="test_public_image_endpoint_gone[photo]" time="0.176" /><testcase classname="tests.backend_test.TestGoogleUrlValidator" name="test_host_spoofing_rejected[https://evil.com#@google.com/]" time="0.358" /><testcase classname="tests.backend_test.TestImageFeatureRemoved" name="test_settings_payload_has_no_image_keys" time="0.053" /><testcase classname="tests.backend_test.TestImageFeatureRemoved" name="test_public_payload_has_no_image_keys" time="0.166" /><testcase classname="tests.backend_test.TestImageFeatureRemoved" name="test_server_source_has_no_image_code" time="0.002" /><testcase classname="tests.backend_test.TestPasswordReset" name="test_forgot_password_creates_token_for_real_account" time="0.119" /><testcase classname="tests.backend_test.TestGoogleUrlValidator" name="test_host_spoofing_rejected[https://evil.com\\@g.page/r/x/review]" time="0.406" /><testcase classname="tests.backend_test.TestPasswordReset" name="test_forgot_password_unknown_email_same_message_no_token" time="0.158" /><testcase classname="tests.backend_test.TestPasswordReset" name="test_forgot_password_invalid_email_422" time="0.169" /><testcase classname="tests.backend_test.TestPasswordReset" name="test_reset_password_full_cycle" time="2.016" /><testcase classname="tests.backend_test.TestGoogleUrlValidator" name="test_host_spoofing_rejected[https://evil.com\\\\@g.page/r/x/review]" time="0.688" /><testcase classname="tests.backend_test.TestGoogleUrlValidator" name="test_host_spoofing_rejected[https://google.com@evil.com/review]" time="0.541" /><testcase classname="tests.backend_test.TestGoogleUrlValidator" name="test_host_spoofing_rejected[https://evil.com?@g.page/r/x/review]" time="0.446" /><testcase classname="tests.backend_test.TestGoogleUrlValidator" name="test_host_spoofing_rejected[https://evil.com/g.page/r/x/review]" time="0.481" /><testcase classname="tests.backend_test.TestPasswordReset" name="test_reset_password_unknown_token" time="0.110" /><testcase classname="tests.backend_test.TestPasswordReset" name="test_reset_password_expired_token" time="0.500" /><testcase classname="tests.backend_test.TestGoogleUrlValidator" name="test_host_spoofing_rejected[//evil.com#@google.com/]" time="0.485" /><testcase classname="tests.backend_test.TestPasswordReset" name="test_reset_password_short_password_422" time="0.133" /><testcase classname="tests.backend_test.TestGoogleUrlValidator" name="test_empty_clears_link_and_deactivates" time="0.205" /><testcase classname="tests.backend_test.TestReviews" name="test_list_reviews" time="0.058" /><testcase classname="tests.backend_test.TestReviews" name="test_generate_edit_regenerate_delete" time="6.844" /><testcase classname="tests.backend_test.TestGoogleUrlValidator" name="test_no_stale_google_re_reference" time="0.000" /><testcase classname="tests.backend_test.TestPublic" name="test_public_page_and_use_flow" time="0.551" /><testcase classname="tests.backend_test.TestPublic" name="test_public_unknown_slug" time="0.109" /><testcase classname="tests.backend_test.TestPublic" name="test_public_use_unknown_review" time="0.204" /><testcase classname="tests.backend_test.TestPublic" name="test_use_returns_exact_saved_google_url" time="0.272" /><testcase classname="tests.backend_test.TestPublic" name="test_qr" time="0.215" /><testcase classname="tests.backend_test.TestBulkDelete" name="test_bulk_delete_removes_only_selected" time="0.627" /><testcase classname="tests.backend_test.TestBulkDelete" name="test_bulk_delete_empty_ids_rejected" time="0.069" /><testcase classname="tests.backend_test.TestBulkDelete" name="test_bulk_delete_unknown_ids" time="0.069" /><testcase classname="tests.backend_test.TestBulkDelete" name="test_bulk_delete_requires_auth" time="0.120" /><testcase classname="tests.backend_test.TestBulkDelete" name="test_bulk_delete_cross_user_isolation" time="0.215" /><testcase classname="tests.backend_test.TestPublicAvailableOnly" name="test_only_available_returned_with_count" time="0.932" /><testcase classname="tests.backend_test.TestPublicAvailableOnly" name="test_drafts_capped_at_six" time="0.179" /><testcase classname="tests.backend_test.TestPublicAvailableOnly" name="test_zero_available_returns_empty_state_payload" time="0.250" /><testcase classname="tests.backend_test.TestPublicAvailableOnly" name="test_parallel_use_second_gets_409" time="0.145" /><testcase classname="tests.backend_test.TestPublicAvailableOnly" name="test_reuse_of_used_review_is_409" time="0.267" /><testcase classname="tests.backend_test.TestSettings" name="test_get_settings" time="0.070" /><testcase classname="tests.backend_test.TestSettings" name="test_save_settings_persist" time="0.140" /><testcase classname="tests.backend_test.TestSettings" name="test_invalid_google_url_rejected" time="0.065" /><testcase classname="tests.backend_test.TestSettings" name="test_settings_requires_auth" time="0.123" /><testcase classname="tests.backend_test.TestOnboarding" name="test_new_user_onboarding_false_then_complete" time="1.021" /><testcase classname="tests.backend_test.TestOnboarding" name="test_onboarding_requires_auth" time="0.121" /><testcase classname="tests.backend_test.TestOnboarding" name="test_existing_owner_onboarding_done" time="0.069" /><testcase classname="tests.backend_test.TestGoogleAuth" name="test_invalid_session_id_401" time="0.257" /><testcase classname="tests.backend_test.TestGoogleAuth" name="test_short_session_id_validation" time="0.116" /><testcase classname="tests.backend_test.TestGoogleAuth" name="test_google_only_user_password_login_and_change_password" time="0.424" /><testcase classname="tests.backend_test.TestCategories" name="test_category_crud" time="0.458" /><testcase classname="tests.backend_test.TestReviews" name="test_generate_invalid_count" time="0.054" /><testcase classname="tests.backend_test.TestReviews" name="test_edit_review_validation" time="0.147" /><testcase classname="tests.backend_test.TestReviews" name="test_reviews_requires_auth" time="0.137" /><testcase classname="tests.backend_test.TestCategories" name="test_short_name_rejected" time="0.069" /></testsuite></testsuites>