<?xml version="1.0" encoding="utf-8"?><testsuites name="pytest tests"><testsuite name="pytest" errors="0" failures="0" skipped="0" tests="25" time="7.362" timestamp="2026-08-20T08:22:45.523297+00:00" hostname="agent-env-74d9a360-31b6-4807-9b7c-0d33f65d73ab"><testcase classname="tests.backend_test.TestAuth" name="test_health" time="0.269" /><testcase classname="tests.backend_test.TestAuth" name="test_login_and_cookies" time="0.465" /><testcase classname="tests.backend_test.TestReviews" name="test_list_reviews" time="0.724" /><testcase classname="tests.backend_test.TestReviews" name="test_generate_edit_regenerate_delete" time="5.734" /><testcase classname="tests.backend_test.TestAuth" name="test_login_bad_password" time="0.405" /><testcase classname="tests.backend_test.TestAuth" name="test_me_requires_auth" time="0.143" /><testcase classname="tests.backend_test.TestAuth" name="test_me_authenticated" time="0.379" /><testcase classname="tests.backend_test.TestAuth" name="test_bcrypt_hash_format" time="0.062" /><testcase classname="tests.backend_test.TestAuth" name="test_change_password_wrong_current" time="0.280" /><testcase classname="tests.backend_test.TestAuth" name="test_change_password_roundtrip" time="2.517" /><testcase classname="tests.backend_test.TestAuth" name="test_short_password_register_rejected" time="0.103" /><testcase classname="tests.backend_test.TestAuth" name="test_duplicate_register" time="0.129" /><testcase classname="tests.backend_test.TestSettings" name="test_get_settings" time="0.055" /><testcase classname="tests.backend_test.TestSettings" name="test_save_settings_persist" time="0.107" /><testcase classname="tests.backend_test.TestSettings" name="test_invalid_google_url_rejected" time="0.056" /><testcase classname="tests.backend_test.TestSettings" name="test_settings_requires_auth" time="0.100" /><testcase classname="tests.backend_test.TestPublic" name="test_public_page_and_use_flow" time="0.406" /><testcase classname="tests.backend_test.TestPublic" name="test_public_unknown_slug" time="0.100" /><testcase classname="tests.backend_test.TestPublic" name="test_public_use_unknown_review" time="0.232" /><testcase classname="tests.backend_test.TestPublic" name="test_qr" time="0.331" /><testcase classname="tests.backend_test.TestCategories" name="test_category_crud" time="0.374" /><testcase classname="tests.backend_test.TestReviews" name="test_generate_invalid_count" time="0.048" /><testcase classname="tests.backend_test.TestReviews" name="test_edit_review_validation" time="0.098" /><testcase classname="tests.backend_test.TestCategories" name="test_short_name_rejected" time="0.094" /><testcase classname="tests.backend_test.TestReviews" name="test_reviews_requires_auth" time="0.117" /></testsuite></testsuites>